Arguments: 
  C:\Program Files\nodejs\node.exe C:\Program Files (x86)\Yarn\bin\yarn.js init - y

PATH: 
  C:\Windows\system32;C:\Windows;C:\Windows\System32\Wbem;C:\Windows\System32\WindowsPowerShell\v1.0\;C:\Windows\System32\OpenSSH\;C:\ProgramData\chocolatey\bin;C:\ProgramData\nvm;C:\Program Files\nodejs;C:\Program Files\Git\cmd;C:\Program Files (x86)\Yarn\bin\;C:\Program Files\Go\bin;C:\Program Files\Tailscale\;C:\Program Files\Docker\Docker\resources\bin;C:\Program Files\Amazon\AWSCLIV2\;C:\Program Files\dotnet\;C:\Program Files\cursor\resources\app\bin;C:\Users\gabri\Downloads\stripe_1.34.0_windows_x86_64;C:\Users\gabri\AppData\Local\Programs\Python\Python311\Scripts\;C:\Users\gabri\AppData\Local\Programs\Python\Python311\;C:\Users\gabri\AppData\Local\Programs\Python\Launcher\;C:\Users\gabri\AppData\Local\pnpm;C:\Users\gabri\AppData\Local\Microsoft\WindowsApps;C:\ProgramData\nvm;C:\Program Files\nodejs;C:\Users\gabri\AppData\Local\Programs\Microsoft VS Code\bin;C:\Users\gabri\AppData\Local\Yarn\bin;C:\Users\gabri\Downloads\stripe_1.19.5_windows_x86_64;C:\Users\gabri\go\bin;C:\Users\gabri\AppData\Local\Muse Hub\lib;C:\Program Files\Tesseract-OCR;C:\Program Files\MongoDB\Server\8.0\bin;C:\Users\gabri\Downloads\mongosh-2.5.6-win32-x64\mongosh-2.5.6-win32-x64\bin;C:\Users\gabri\AppData\Local\Google\Cloud SDK\google-cloud-sdk\bin

Yarn version: 
  1.22.19

Node version: 
  22.15.0

Platform: 
  win32 x64

Trace: 
  Error: canceled
      at Interface.<anonymous> (C:\Program Files (x86)\Yarn\lib\cli.js:137150:13)
      at Interface.emit (node:events:518:28)
      at [_ttyWrite] [as _ttyWrite] (node:internal/readline/interface:1128:18)
      at ReadStream.onkeypress (node:internal/readline/interface:267:20)
      at ReadStream.emit (node:events:518:28)
      at emitKeys (node:internal/readline/utils:370:14)
      at emitKeys.next (<anonymous>)
      at ReadStream.onData (node:internal/readline/emitKeypressEvents:64:36)
      at ReadStream.emit (node:events:518:28)
      at addChunk (node:internal/streams/readable:561:12)

npm manifest: 
  No manifest

yarn manifest: 
  No manifest

Lockfile: 
  No lockfile
